<?xml version="1.0" encoding="UTF-8"?>
<testsuite xmlns:xsi="http://www.w3.org/2001/XMLSchema-instance" xsi:noNamespaceSchemaLocation="https://maven.apache.org/surefire/maven-surefire-plugin/xsd/surefire-test-report.xsd" name="co.com.sofka.app.calculator.BasicCalculatorTest" time="0.087" tests="5" errors="0" skipped="0" failures="0">
  <properties>
    <property name="sun.desktop" value="windows"/>
    <property name="awt.toolkit" value="sun.awt.windows.WToolkit"/>
    <property name="java.specification.version" value="11"/>
    <property name="sun.cpu.isalist" value="amd64"/>
    <property name="sun.jnu.encoding" value="Cp1252"/>
    <property name="java.class.path" value="F:\Programacion\sofka\my-demo\target\test-classes;F:\Programacion\sofka\my-demo\target\classes;C:\Users\juans\.m2\repository\org\slf4j\slf4j-api\1.7.30\slf4j-api-1.7.30.jar;C:\Users\juans\.m2\repository\org\slf4j\slf4j-jdk14\1.7.30\slf4j-jdk14-1.7.30.jar;C:\Users\juans\.m2\repository\org\junit\jupiter\junit-jupiter\5.5.1\junit-jupiter-5.5.1.jar;C:\Users\juans\.m2\repository\org\junit\jupiter\junit-jupiter-api\5.5.1\junit-jupiter-api-5.5.1.jar;C:\Users\juans\.m2\repository\org\apiguardian\apiguardian-api\1.1.0\apiguardian-api-1.1.0.jar;C:\Users\juans\.m2\repository\org\opentest4j\opentest4j\1.2.0\opentest4j-1.2.0.jar;C:\Users\juans\.m2\repository\org\junit\platform\junit-platform-commons\1.5.1\junit-platform-commons-1.5.1.jar;C:\Users\juans\.m2\repository\org\junit\jupiter\junit-jupiter-params\5.5.1\junit-jupiter-params-5.5.1.jar;C:\Users\juans\.m2\repository\org\junit\jupiter\junit-jupiter-engine\5.5.1\junit-jupiter-engine-5.5.1.jar;C:\Users\juans\.m2\repository\org\junit\platform\junit-platform-engine\1.5.1\junit-platform-engine-1.5.1.jar;"/>
    <property name="java.vm.vendor" value="Eclipse Adoptium"/>
    <property name="sun.arch.data.model" value="64"/>
    <property name="user.variant" value=""/>
    <property name="java.vendor.url" value="https://adoptium.net/"/>
    <property name="user.timezone" value="America/Bogota"/>
    <property name="java.vm.specification.version" value="11"/>
    <property name="os.name" value="Windows 10"/>
    <property name="sun.java.launcher" value="SUN_STANDARD"/>
    <property name="user.country" value="AU"/>
    <property name="sun.boot.library.path" value="C:\Program Files\Eclipse Adoptium\jdk-11.0.13.8-hotspot\bin"/>
    <property name="sun.java.command" value="C:\Users\juans\AppData\Local\Temp\surefire3974379401733893769\surefirebooter18105102003909929664.jar C:\Users\juans\AppData\Local\Temp\surefire3974379401733893769 2021-12-19T22-24-06_916-jvmRun1 surefire17228555772691916580tmp surefire_04983653461431853603tmp"/>
    <property name="jdk.debug" value="release"/>
    <property name="surefire.test.class.path" value="F:\Programacion\sofka\my-demo\target\test-classes;F:\Programacion\sofka\my-demo\target\classes;C:\Users\juans\.m2\repository\org\slf4j\slf4j-api\1.7.30\slf4j-api-1.7.30.jar;C:\Users\juans\.m2\repository\org\slf4j\slf4j-jdk14\1.7.30\slf4j-jdk14-1.7.30.jar;C:\Users\juans\.m2\repository\org\junit\jupiter\junit-jupiter\5.5.1\junit-jupiter-5.5.1.jar;C:\Users\juans\.m2\repository\org\junit\jupiter\junit-jupiter-api\5.5.1\junit-jupiter-api-5.5.1.jar;C:\Users\juans\.m2\repository\org\apiguardian\apiguardian-api\1.1.0\apiguardian-api-1.1.0.jar;C:\Users\juans\.m2\repository\org\opentest4j\opentest4j\1.2.0\opentest4j-1.2.0.jar;C:\Users\juans\.m2\repository\org\junit\platform\junit-platform-commons\1.5.1\junit-platform-commons-1.5.1.jar;C:\Users\juans\.m2\repository\org\junit\jupiter\junit-jupiter-params\5.5.1\junit-jupiter-params-5.5.1.jar;C:\Users\juans\.m2\repository\org\junit\jupiter\junit-jupiter-engine\5.5.1\junit-jupiter-engine-5.5.1.jar;C:\Users\juans\.m2\repository\org\junit\platform\junit-platform-engine\1.5.1\junit-platform-engine-1.5.1.jar;"/>
    <property name="sun.cpu.endian" value="little"/>
    <property name="user.home" value="C:\Users\juans"/>
    <property name="user.language" value="en"/>
    <property name="java.specification.vendor" value="Oracle Corporation"/>
    <property name="java.version.date" value="2021-10-19"/>
    <property name="java.home" value="C:\Program Files\Eclipse Adoptium\jdk-11.0.13.8-hotspot"/>
    <property name="file.separator" value="\"/>
    <property name="basedir" value="F:\Programacion\sofka\my-demo"/>
    <property name="java.vm.compressedOopsMode" value="Zero based"/>
    <property name="line.separator" value="&#10;"/>
    <property name="java.specification.name" value="Java Platform API Specification"/>
    <property name="java.vm.specification.vendor" value="Oracle Corporation"/>
    <property name="java.awt.graphicsenv" value="sun.awt.Win32GraphicsEnvironment"/>
    <property name="surefire.real.class.path" value="C:\Users\juans\AppData\Local\Temp\surefire3974379401733893769\surefirebooter18105102003909929664.jar"/>
    <property name="user.script" value=""/>
    <property name="sun.management.compiler" value="HotSpot 64-Bit Tiered Compilers"/>
    <property name="java.runtime.version" value="11.0.13+8"/>
    <property name="user.name" value="juans"/>
    <property name="path.separator" value=";"/>
    <property name="os.version" value="10.0"/>
    <property name="java.runtime.name" value="OpenJDK Runtime Environment"/>
    <property name="file.encoding" value="Cp1252"/>
    <property name="java.vm.name" value="OpenJDK 64-Bit Server VM"/>
    <property name="java.vendor.version" value="Temurin-11.0.13+8"/>
    <property name="localRepository" value="C:\Users\juans\.m2\repository"/>
    <property name="java.vendor.url.bug" value="https://github.com/adoptium/adoptium-support/issues"/>
    <property name="java.io.tmpdir" value="C:\Users\juans\AppData\Local\Temp\"/>
    <property name="idea.version" value="2021.2.3"/>
    <property name="java.version" value="11.0.13"/>
    <property name="user.dir" value="F:\Programacion\sofka\my-demo"/>
    <property name="os.arch" value="amd64"/>
    <property name="java.vm.specification.name" value="Java Virtual Machine Specification"/>
    <property name="java.awt.printerjob" value="sun.awt.windows.WPrinterJob"/>
    <property name="sun.os.patch.level" value=""/>
    <property name="java.library.path" value="C:\Program Files\Eclipse Adoptium\jdk-11.0.13.8-hotspot\bin;C:\WINDOWS\Sun\Java\bin;C:\WINDOWS\system32;C:\WINDOWS;C:\Program Files\Common Files\Oracle\Java\javapath;C:\Program Files\Eclipse Adoptium\jdk-11.0.13.8-hotspot\bin;C:\Program Files (x86)\Common Files\Oracle\Java\javapath;C:\WINDOWS\system32;C:\WINDOWS;C:\WINDOWS\System32\Wbem;C:\WINDOWS\System32\WindowsPowerShell\v1.0\;C:\WINDOWS\System32\OpenSSH\;C:\Program Files (x86)\NVIDIA Corporation\PhysX\Common;C:\Program Files\nodejs\;C:\Program Files\Git\cmd;;C:\Program Files\NVIDIA Corporation\NVIDIA NvDLISR;C:\Users\juans\AppData\Local\Programs\Python\Python310\Scripts\;C:\Users\juans\AppData\Local\Programs\Python\Python310\;C:\Users\juans\AppData\Local\Microsoft\WindowsApps;C:\Users\juans\AppData\Local\Programs\Microsoft VS Code\bin;C:\Users\juans\AppData\Roaming\npm;C:\Users\juans\AppData\Local\Programs\Python\Python39\Scripts;;."/>
    <property name="java.vm.info" value="mixed mode"/>
    <property name="java.vendor" value="Eclipse Adoptium"/>
    <property name="java.vm.version" value="11.0.13+8"/>
    <property name="sun.io.unicode.encoding" value="UnicodeLittle"/>
    <property name="java.class.version" value="55.0"/>
  </properties>
  <testcase name="severalSums{Long, Long, Long}[1]" classname="co.com.sofka.app.calculator.BasicCalculatorTest" time="0.043"/>
  <testcase name="severalSums{Long, Long, Long}[2]" classname="co.com.sofka.app.calculator.BasicCalculatorTest" time="0.002"/>
  <testcase name="severalSums{Long, Long, Long}[3]" classname="co.com.sofka.app.calculator.BasicCalculatorTest" time="0.001"/>
  <testcase name="severalSums{Long, Long, Long}[4]" classname="co.com.sofka.app.calculator.BasicCalculatorTest" time="0.001"/>
  <testcase name="sum" classname="co.com.sofka.app.calculator.BasicCalculatorTest" time="0.002"/>
</testsuite>